<?xml version="1.0" encoding="UTF-8"?>
<beans xmlns="http://www.springframework.org/schema/beans"
	xmlns:xsi="http://www.w3.org/2001/XMLSchema-instance"
	xsi:schemaLocation="http://www.springframework.org/schema/beans 
						http://www.springframework.org/schema/beans/spring-beans-3.0.xsd">
	<bean id="dataSource"
		class="org.springframework.jdbc.datasource.SimpleDriverDataSource">
		<property name="driverClass" value="com.mysql.jdbc.Driver" />
		<property name="url" value="jdbc:mysql://localhost/mogumogu" />
		<property name="username" value="mogumogu" />
		<property name="password" value="1234" />
	</bean>

	<bean id="userDao"
		class="com.example.abstractingService.dao.UserDaoJdbc">
		<property name="dataSource" ref="dataSource" />
	</bean>

	<bean id="userService"
		class="com.example.abstractingService.service.UserService">
		<property name="userDao" ref="userDao" />
		<property name="transactionManager" ref="transactionManager" />
		<property name="mailSender" ref="mailSender" />
	</bean>

	<bean id="mailSender"
		class="com.example.abstractingService.service.DummyMailSender" />


	<bean id="transactionManager"
		class="org.springframework.jdbc.datasource.DataSourceTransactionManager">
		<property name="dataSource" ref="dataSource" />
	</bean>

</beans>
